<?xml version="1.0" encoding="UTF-8"?>
<testng-results skipped="0" failed="1" ignored="0" total="2" passed="1">
  <reporter-output>
  </reporter-output>
  <suite name="Default suite" duration-ms="28203" started-at="2019-08-25T04:41:03Z" finished-at="2019-08-25T04:41:31Z">
    <groups>
    </groups>
    <test name="Default test" duration-ms="28203" started-at="2019-08-25T04:41:03Z" finished-at="2019-08-25T04:41:31Z">
      <class name="com.multicart.qa.testcases.SmokeTest">
        <test-method status="PASS" signature="initApplication()[pri:0, instance:com.multicart.qa.testcases.SmokeTest@724af044]" name="initApplication" is-config="true" duration-ms="8608" started-at="2019-08-25T00:41:03Z" finished-at="2019-08-25T00:41:12Z">
          <reporter-output>
          </reporter-output>
        </test-method> <!-- initApplication -->
        <test-method status="FAIL" signature="loginwithValidIDPassword()[pri:0, instance:com.multicart.qa.testcases.SmokeTest@724af044]" name="loginwithValidIDPassword" duration-ms="3399" started-at="2019-08-25T00:41:12Z" finished-at="2019-08-25T00:41:15Z">
          <exception class="java.lang.AssertionError">
            <message>
              <![CDATA[Profile Name not Matched!!! expected [true] but found [false]]]>
            </message>
            <full-stacktrace>
              <![CDATA[java.lang.AssertionError: Profile Name not Matched!!! expected [true] but found [false]at org.testng.Assert.fail(Assert.java:96)at org.testng.Assert.failNotEquals(Assert.java:776)at org.testng.Assert.assertEqualsImpl(Assert.java:137)at org.testng.Assert.assertEquals(Assert.java:118)at org.testng.Assert.assertEquals(Assert.java:568)at com.multicart.qa.testcases.SmokeTest.loginwithValidIDPassword(SmokeTest.java:32)at sun.reflect.NativeMethodAccessorImpl.invoke0(Native Method)at sun.reflect.NativeMethodAccessorImpl.invoke(Unknown Source)at sun.reflect.DelegatingMethodAccessorImpl.invoke(Unknown Source)at java.lang.reflect.Method.invoke(Unknown Source)at org.testng.internal.MethodInvocationHelper.invokeMethod(MethodInvocationHelper.java:124)at org.testng.internal.Invoker.invokeMethod(Invoker.java:571)at org.testng.internal.Invoker.invokeTestMethod(Invoker.java:707)at org.testng.internal.Invoker.invokeTestMethods(Invoker.java:979)at org.testng.internal.TestMethodWorker.invokeTestMethods(TestMethodWorker.java:125)at org.testng.internal.TestMethodWorker.run(TestMethodWorker.java:109)at org.testng.TestRunner.privateRun(TestRunner.java:648)at org.testng.TestRunner.run(TestRunner.java:505)at org.testng.SuiteRunner.runTest(SuiteRunner.java:455)at org.testng.SuiteRunner.runSequentially(SuiteRunner.java:450)at org.testng.SuiteRunner.privateRun(SuiteRunner.java:415)at org.testng.SuiteRunner.run(SuiteRunner.java:364)at org.testng.SuiteRunnerWorker.runSuite(SuiteRunnerWorker.java:52)at org.testng.SuiteRunnerWorker.run(SuiteRunnerWorker.java:84)at org.testng.TestNG.runSuitesSequentially(TestNG.java:1187)at org.testng.TestNG.runSuitesLocally(TestNG.java:1116)at org.testng.TestNG.runSuites(TestNG.java:1028)at org.testng.TestNG.run(TestNG.java:996)at org.testng.remote.AbstractRemoteTestNG.run(AbstractRemoteTestNG.java:115)at org.testng.remote.RemoteTestNG.initAndRun(RemoteTestNG.java:251)at org.testng.remote.RemoteTestNG.main(RemoteTestNG.java:77)]]>
            </full-stacktrace>
          </exception> <!-- java.lang.AssertionError -->
          <reporter-output>
          </reporter-output>
        </test-method> <!-- loginwithValidIDPassword -->
        <test-method status="PASS" signature="tearDown()[pri:0, instance:com.multicart.qa.testcases.SmokeTest@724af044]" name="tearDown" is-config="true" duration-ms="2089" started-at="2019-08-25T00:41:15Z" finished-at="2019-08-25T00:41:17Z">
          <reporter-output>
          </reporter-output>
        </test-method> <!-- tearDown -->
        <test-method status="PASS" signature="initApplication()[pri:0, instance:com.multicart.qa.testcases.SmokeTest@724af044]" name="initApplication" is-config="true" duration-ms="6169" started-at="2019-08-25T00:41:17Z" finished-at="2019-08-25T00:41:24Z">
          <reporter-output>
          </reporter-output>
        </test-method> <!-- initApplication -->
        <test-method status="PASS" signature="validRegistraion()[pri:0, instance:com.multicart.qa.testcases.SmokeTest@724af044]" name="validRegistraion" duration-ms="5741" started-at="2019-08-25T00:41:24Z" finished-at="2019-08-25T00:41:29Z">
          <reporter-output>
          </reporter-output>
        </test-method> <!-- validRegistraion -->
        <test-method status="PASS" signature="tearDown()[pri:0, instance:com.multicart.qa.testcases.SmokeTest@724af044]" name="tearDown" is-config="true" duration-ms="2137" started-at="2019-08-25T00:41:29Z" finished-at="2019-08-25T00:41:31Z">
          <reporter-output>
          </reporter-output>
        </test-method> <!-- tearDown -->
      </class> <!-- com.multicart.qa.testcases.SmokeTest -->
    </test> <!-- Default test -->
  </suite> <!-- Default suite -->
</testng-results>
